
> platform@0.1.0 build
> next build

   Ôû▓ Next.js 16.0.8 (Turbopack)
   - Environments: .env.local

 ÔÜá The "middleware" file convention is deprecated. Please use "proxy" instead. Learn more: https://nextjs.org/docs/messages/middleware-to-proxy
   Creating an optimized production build ...
 Ô£ô Compiled successfully in 3.6s
   Running TypeScript ...
Failed to compile.

./src/components/agenda/MiniBookingCard.tsx:211:13
Type error: Type '"sm" | "xs"' is not assignable to type '"sm" | "md" | undefined'.
  Type '"xs"' is not assignable to type '"sm" | "md" | undefined'.

  209 |                         "warning"
  210 |             }
> 211 |             size={badgeSize}
      |             ^
  212 |           >
  213 |             {booking.status === "no_show" ? "No Show" :
  214 |               booking.status === "paid" ? "Pagado" :
Next.js build worker exited with code: 1 and signal: null
